<?xml version="1.0" encoding="UTF-8"?>
<testng-results skipped="0" failed="1" total="2" passed="1">
  <reporter-output>
  </reporter-output>
  <suite name="Parallel test suite" duration-ms="81681" started-at="2015-10-14T07:21:21Z" finished-at="2015-10-14T07:22:42Z">
    <groups>
    </groups>
    <test name="Test on Firefox" duration-ms="81681" started-at="2015-10-14T07:21:21Z" finished-at="2015-10-14T07:22:42Z">
      <class name="demo.specs.Demo_test">
        <test-method status="PASS" signature="openBrowser(java.lang.String)[pri:0, instance:demo.specs.Demo_test@16050b0]" name="openBrowser" is-config="true" duration-ms="35907" started-at="2015-10-14T12:51:21Z" finished-at="2015-10-14T12:51:57Z">
          <params>
            <param index="0">
              <value>
                <![CDATA[Firefox]]>
              </value>
            </param>
          </params>
          <reporter-output>
          </reporter-output>
        </test-method> <!-- openBrowser -->
        <test-method status="PASS" signature="stepUp()[pri:0, instance:demo.specs.Demo_test@16050b0]" name="stepUp" is-config="true" duration-ms="29365" started-at="2015-10-14T12:51:57Z" finished-at="2015-10-14T12:52:26Z">
          <reporter-output>
          </reporter-output>
        </test-method> <!-- stepUp -->
        <test-method status="FAIL" signature="Test01()[pri:0, instance:demo.specs.Demo_test@16050b0]" name="Test01" duration-ms="2344" started-at="2015-10-14T12:52:26Z" description="Check Welcome Page for Title and contents" finished-at="2015-10-14T12:52:28Z">
          <exception class="java.lang.AssertionError">
            <message>
              <![CDATA[expected [Welcome] but found [Welcomasde]]]>
            </message>
            <full-stacktrace>
              <![CDATA[java.lang.AssertionError: expected [Welcome] but found [Welcomasde]
	at org.testng.Assert.fail(Assert.java:94)
	at org.testng.Assert.failNotEquals(Assert.java:494)
	at org.testng.Assert.assertEquals(Assert.java:123)
	at org.testng.Assert.assertEquals(Assert.java:176)
	at org.testng.Assert.assertEquals(Assert.java:186)
	at demo.specs.Demo_test.Test01(Unknown Source)
	at sun.reflect.NativeMethodAccessorImpl.invoke0(Native Method)
	at sun.reflect.NativeMethodAccessorImpl.invoke(NativeMethodAccessorImpl.java:57)
	at sun.reflect.DelegatingMethodAccessorImpl.invoke(DelegatingMethodAccessorImpl.java:43)
	at java.lang.reflect.Method.invoke(Method.java:606)
	at org.testng.internal.MethodInvocationHelper.invokeMethod(MethodInvocationHelper.java:84)
	at org.testng.internal.Invoker.invokeMethod(Invoker.java:714)
	at org.testng.internal.Invoker.invokeTestMethod(Invoker.java:901)
	at org.testng.internal.Invoker.invokeTestMethods(Invoker.java:1231)
	at org.testng.internal.TestMethodWorker.invokeTestMethods(TestMethodWorker.java:127)
	at org.testng.internal.TestMethodWorker.run(TestMethodWorker.java:111)
	at org.testng.TestRunner.privateRun(TestRunner.java:767)
	at org.testng.TestRunner.run(TestRunner.java:617)
	at org.testng.SuiteRunner.runTest(SuiteRunner.java:334)
	at org.testng.SuiteRunner.access$000(SuiteRunner.java:37)
	at org.testng.SuiteRunner$SuiteWorker.run(SuiteRunner.java:368)
	at org.testng.internal.thread.ThreadUtil$2.call(ThreadUtil.java:64)
	at java.util.concurrent.FutureTask.run(FutureTask.java:262)
	at java.util.concurrent.ThreadPoolExecutor.runWorker(ThreadPoolExecutor.java:1145)
	at java.util.concurrent.ThreadPoolExecutor$Worker.run(ThreadPoolExecutor.java:615)
	at java.lang.Thread.run(Thread.java:744)
]]>
            </full-stacktrace>
          </exception> <!-- java.lang.AssertionError -->
          <reporter-output>
          </reporter-output>
        </test-method> <!-- Test01 -->
        <test-method status="PASS" signature="stepUp()[pri:0, instance:demo.specs.Demo_test@16050b0]" name="stepUp" is-config="true" duration-ms="2269" started-at="2015-10-14T12:52:28Z" finished-at="2015-10-14T12:52:31Z">
          <reporter-output>
          </reporter-output>
        </test-method> <!-- stepUp -->
        <test-method status="PASS" signature="Test02()[pri:0, instance:demo.specs.Demo_test@16050b0]" name="Test02" duration-ms="9677" started-at="2015-10-14T12:52:31Z" description="Check Herbal-Tea collections" finished-at="2015-10-14T12:52:40Z">
          <reporter-output>
          </reporter-output>
        </test-method> <!-- Test02 -->
        <test-method status="PASS" signature="tearDown()[pri:0, instance:demo.specs.Demo_test@16050b0]" name="tearDown" is-config="true" duration-ms="1903" started-at="2015-10-14T12:52:40Z" finished-at="2015-10-14T12:52:42Z">
          <reporter-output>
          </reporter-output>
        </test-method> <!-- tearDown -->
      </class> <!-- demo.specs.Demo_test -->
    </test> <!-- Test on Firefox -->
  </suite> <!-- Parallel test suite -->
</testng-results>
