<?xml version="1.0" encoding="UTF-8" ?>
<testsuite failures="1" time="72.031" errors="0" skipped="4" tests="5" name="TestSuite">
  <properties>
    <property name="java.runtime.name" value="Java(TM) SE Runtime Environment"/>
    <property name="sun.boot.library.path" value="C:\Program Files\Java\jdk1.7.0_45\jre\bin"/>
    <property name="java.vm.version" value="24.45-b08"/>
    <property name="java.vm.vendor" value="Oracle Corporation"/>
    <property name="java.vendor.url" value="http://java.oracle.com/"/>
    <property name="path.separator" value=";"/>
    <property name="guice.disable.misplaced.annotation.check" value="true"/>
    <property name="java.vm.name" value="Java HotSpot(TM) Client VM"/>
    <property name="file.encoding.pkg" value="sun.io"/>
    <property name="user.script" value=""/>
    <property name="user.country" value="US"/>
    <property name="sun.java.launcher" value="SUN_STANDARD"/>
    <property name="sun.os.patch.level" value=""/>
    <property name="java.vm.specification.name" value="Java Virtual Machine Specification"/>
    <property name="user.dir" value="D:\SeleniumWorks\workspace_git\seleniumworks"/>
    <property name="java.runtime.version" value="1.7.0_45-b18"/>
    <property name="java.awt.graphicsenv" value="sun.awt.Win32GraphicsEnvironment"/>
    <property name="java.endorsed.dirs" value="C:\Program Files\Java\jdk1.7.0_45\jre\lib\endorsed"/>
    <property name="os.arch" value="x86"/>
    <property name="java.io.tmpdir" value="C:\Users\Sams\AppData\Local\Temp\"/>
    <property name="line.separator" value="
"/>
    <property name="java.vm.specification.vendor" value="Oracle Corporation"/>
    <property name="user.variant" value=""/>
    <property name="os.name" value="Windows 7"/>
    <property name="classworlds.conf" value="C:\Program Files\apache-maven-3.1.0\bin\m2.conf"/>
    <property name="sun.jnu.encoding" value="Cp1252"/>
    <property name="java.library.path" value="C:\Program Files\Java\jdk1.7.0_45\bin;C:\Windows\Sun\Java\bin;C:\Windows\system32;C:\Windows;C:\ProgramData\Oracle\Java\javapath;C:\Ruby200\bin;C:\Windows\system32;C:\Windows;C:\Windows\System32\Wbem;C:\Windows\System32\WindowsPowerShell\v1.0\;C:\Program Files\Java\jdk1.7.0_45\bin;C:\Program Files\apache-maven-3.1.0\bin;C:\Users\Sams\Sikuli-IDE\libs;C:\Program Files\MySQL\MySQL Utilities 1.3.4\;C:\Program Files\TortoiseGit\bin;C:\Program Files\Opera;C:\Program Files\Safari;C:\Test\;C:\Program Files\Git\bin;C:\Program Files\Skype\Phone\;C:\Program Files\Ant\apache-ant-1.9.6\bin;."/>
    <property name="java.specification.name" value="Java Platform API Specification"/>
    <property name="java.class.version" value="51.0"/>
    <property name="sun.management.compiler" value="HotSpot Client Compiler"/>
    <property name="os.version" value="6.1"/>
    <property name="user.home" value="C:\Users\Sams"/>
    <property name="user.timezone" value="Asia/Calcutta"/>
    <property name="java.awt.printerjob" value="sun.awt.windows.WPrinterJob"/>
    <property name="java.specification.version" value="1.7"/>
    <property name="file.encoding" value="Cp1252"/>
    <property name="user.name" value="Sams"/>
    <property name="java.class.path" value="C:\Program Files\apache-maven-3.1.0\boot\plexus-classworlds-2.4.2.jar"/>
    <property name="org.slf4j.simpleLogger.defaultLogLevel" value="info"/>
    <property name="java.vm.specification.version" value="1.7"/>
    <property name="sun.arch.data.model" value="32"/>
    <property name="java.home" value="C:\Program Files\Java\jdk1.7.0_45\jre"/>
    <property name="sun.java.command" value="org.codehaus.plexus.classworlds.launcher.Launcher test -PMavenTarget"/>
    <property name="java.specification.vendor" value="Oracle Corporation"/>
    <property name="user.language" value="en"/>
    <property name="awt.toolkit" value="sun.awt.windows.WToolkit"/>
    <property name="java.vm.info" value="mixed mode, sharing"/>
    <property name="java.version" value="1.7.0_45"/>
    <property name="java.ext.dirs" value="C:\Program Files\Java\jdk1.7.0_45\jre\lib\ext;C:\Windows\Sun\Java\lib\ext"/>
    <property name="sun.boot.class.path" value="C:\Program Files\Java\jdk1.7.0_45\jre\lib\resources.jar;C:\Program Files\Java\jdk1.7.0_45\jre\lib\rt.jar;C:\Program Files\Java\jdk1.7.0_45\jre\lib\sunrsasign.jar;C:\Program Files\Java\jdk1.7.0_45\jre\lib\jsse.jar;C:\Program Files\Java\jdk1.7.0_45\jre\lib\jce.jar;C:\Program Files\Java\jdk1.7.0_45\jre\lib\charsets.jar;C:\Program Files\Java\jdk1.7.0_45\jre\lib\jfr.jar;C:\Program Files\Java\jdk1.7.0_45\jre\classes"/>
    <property name="java.vendor" value="Oracle Corporation"/>
    <property name="maven.home" value="C:\Program Files\apache-maven-3.1.0"/>
    <property name="file.separator" value="\"/>
    <property name="java.vendor.url.bug" value="http://bugreport.sun.com/bugreport/"/>
    <property name="sun.cpu.endian" value="little"/>
    <property name="sun.io.unicode.encoding" value="UnicodeLittle"/>
    <property name="sun.desktop" value="windows"/>
    <property name="sun.cpu.isalist" value="pentium_pro+mmx pentium_pro pentium+mmx pentium i486 i386 i86"/>
  </properties>
  <testcase time="72.016" classname="demo.specs.Demo_test" name="stepUp">
    <failure type="java.lang.NullPointerException">java.lang.NullPointerException
	at org.seleniumworks.utilities.BaseController.stepUp(BaseController.java:42)
	at sun.reflect.NativeMethodAccessorImpl.invoke0(Native Method)
	at sun.reflect.NativeMethodAccessorImpl.invoke(NativeMethodAccessorImpl.java:57)
	at sun.reflect.DelegatingMethodAccessorImpl.invoke(DelegatingMethodAccessorImpl.java:43)
	at java.lang.reflect.Method.invoke(Method.java:606)
	at org.testng.internal.MethodInvocationHelper.invokeMethod(MethodInvocationHelper.java:85)
	at org.testng.internal.Invoker.invokeConfigurationMethod(Invoker.java:510)
	at org.testng.internal.Invoker.invokeConfigurations(Invoker.java:211)
	at org.testng.internal.Invoker.invokeMethod(Invoker.java:585)
	at org.testng.internal.Invoker.invokeTestMethod(Invoker.java:821)
	at org.testng.internal.Invoker.invokeTestMethods(Invoker.java:1131)
	at org.testng.internal.TestMethodWorker.invokeTestMethods(TestMethodWorker.java:124)
	at org.testng.internal.TestMethodWorker.run(TestMethodWorker.java:108)
	at org.testng.TestRunner.privateRun(TestRunner.java:773)
	at org.testng.TestRunner.run(TestRunner.java:623)
	at org.testng.SuiteRunner.runTest(SuiteRunner.java:357)
	at org.testng.SuiteRunner.access$000(SuiteRunner.java:39)
	at org.testng.SuiteRunner$SuiteWorker.run(SuiteRunner.java:391)
	at org.testng.internal.thread.ThreadUtil$2.call(ThreadUtil.java:64)
	at java.util.concurrent.FutureTask.run(FutureTask.java:262)
	at java.util.concurrent.ThreadPoolExecutor.runWorker(ThreadPoolExecutor.java:1145)
	at java.util.concurrent.ThreadPoolExecutor$Worker.run(ThreadPoolExecutor.java:615)
	at java.lang.Thread.run(Thread.java:744)
</failure>
    <system-out>Failed to connect to binary FirefoxBinary(C:\Program Files\Mozilla Firefox\firefox.exe) on port 7055; process output follows: 
1444379381109	addons.manager	DEBUG	Application has been upgraded
1444379381947	addons.xpi	DEBUG	startup
1444379381948	addons.xpi	DEBUG	Skipping unavailable install location app-system-local
1444379381949	addons.xpi	DEBUG	Skipping unavailable install location app-system-share
1444379382272	addons.xpi	DEBUG	Ignoring file entry whose name is not a valid add-on ID: C:\Users\Sams\AppData\Local\Temp\anonymous320100936954956264webdriver-profile\extensions\webdriver-staging
1444379382273	addons.xpi	DEBUG	checkForChanges
1444379382884	addons.xpi	DEBUG	Directory state JSON differs: cache [] state [{&quot;name&quot;:&quot;app-global&quot;,&quot;addons&quot;:{&quot;{972ce4c6-7e08-4474-a285-3208198ce6fd}&quot;:{&quot;descriptor&quot;:&quot;C:\\Program Files\\Mozilla Firefox\\browser\\extensions\\{972ce4c6-7e08-4474-a285-3208198ce6fd}&quot;,&quot;mtime&quot;:1412257938073,&quot;rdfTime&quot;:1402020940000}}},{&quot;name&quot;:&quot;winreg-app-user&quot;,&quot;addons&quot;:{&quot;mozilla_cc@internetdownloadmanager.com&quot;:{&quot;descriptor&quot;:&quot;C:\\Users\\Sams\\AppData\\Roaming\\IDM\\idmmzcc5&quot;,&quot;mtime&quot;:1377323398298,&quot;rdfTime&quot;:1377323398298}}},{&quot;name&quot;:&quot;app-profile&quot;,&quot;addons&quot;:{&quot;fxdriver@googlecode.com&quot;:{&quot;descriptor&quot;:&quot;C:\\Users\\Sams\\AppData\\Local\\Temp\\anonymous320100936954956264webdriver-profile\\extensions\\fxdriver@googlecode.com&quot;,&quot;mtime&quot;:1444379347979,&quot;rdfTime&quot;:1444379347792}}}]
1444379383341	addons.xpi-utils	DEBUG	Opening XPI database C:\Users\Sams\AppData\Local\Temp\anonymous320100936954956264webdriver-profile\extensions.json
1444379383344	addons.xpi	DEBUG	New add-on fxdriver@googlecode.com installed in app-profile
*** Blocklist::_loadBlocklistFromFile: blocklist is disabled
1444379388031	addons.xpi-utils	DEBUG	Make addon app-profile:fxdriver@googlecode.com visible
1444379388036	DeferredSave.extensions.json	DEBUG	Save changes
1444379388038	DeferredSave.extensions.json	DEBUG	Save changes
1444379388039	addons.xpi	DEBUG	New add-on mozilla_cc@internetdownloadmanager.com installed in winreg-app-user
1444379388123	addons.xpi-utils	DEBUG	Make addon winreg-app-user:mozilla_cc@internetdownloadmanager.com visible
1444379388124	DeferredSave.extensions.json	DEBUG	Save changes
1444379388124	DeferredSave.extensions.json	DEBUG	Save changes
1444379388124	addons.xpi	DEBUG	New add-on {972ce4c6-7e08-4474-a285-3208198ce6fd} installed in app-global
1444379388156	addons.xpi-utils	DEBUG	Make addon app-global:{972ce4c6-7e08-4474-a285-3208198ce6fd} visible
1444379388157	DeferredSave.extensions.json	DEBUG	Save changes
1444379388157	DeferredSave.extensions.json	DEBUG	Save changes
1444379388202	addons.xpi	DEBUG	Updating database with changes to installed add-ons
1444379388202	addons.xpi-utils	DEBUG	Updating add-on states
1444379388203	addons.xpi-utils	DEBUG	Writing add-ons list

Build info: version: &apos;2.47.1&apos;, revision: &apos;unknown&apos;, time: &apos;2015-07-30 11:02:44&apos;
System info: host: &apos;Sams-PC&apos;, ip: &apos;192.168.0.102&apos;, os.name: &apos;Windows 7&apos;, os.arch: &apos;x86&apos;, os.version: &apos;6.1&apos;, java.version: &apos;1.7.0_45&apos;
Driver info: driver.version: FirefoxDriver
</system-out>
    <system-err>org.openqa.selenium.firefox.NotConnectedException: Unable to connect to host 127.0.0.1 on port 7055 after 45000 ms. Firefox console output:
1444379381109	addons.manager	DEBUG	Application has been upgraded
1444379381947	addons.xpi	DEBUG	startup
1444379381948	addons.xpi	DEBUG	Skipping unavailable install location app-system-local
1444379381949	addons.xpi	DEBUG	Skipping unavailable install location app-system-share
1444379382272	addons.xpi	DEBUG	Ignoring file entry whose name is not a valid add-on ID: C:\Users\Sams\AppData\Local\Temp\anonymous320100936954956264webdriver-profile\extensions\webdriver-staging
1444379382273	addons.xpi	DEBUG	checkForChanges
1444379382884	addons.xpi	DEBUG	Directory state JSON differs: cache [] state [{&quot;name&quot;:&quot;app-global&quot;,&quot;addons&quot;:{&quot;{972ce4c6-7e08-4474-a285-3208198ce6fd}&quot;:{&quot;descriptor&quot;:&quot;C:\\Program Files\\Mozilla Firefox\\browser\\extensions\\{972ce4c6-7e08-4474-a285-3208198ce6fd}&quot;,&quot;mtime&quot;:1412257938073,&quot;rdfTime&quot;:1402020940000}}},{&quot;name&quot;:&quot;winreg-app-user&quot;,&quot;addons&quot;:{&quot;mozilla_cc@internetdownloadmanager.com&quot;:{&quot;descriptor&quot;:&quot;C:\\Users\\Sams\\AppData\\Roaming\\IDM\\idmmzcc5&quot;,&quot;mtime&quot;:1377323398298,&quot;rdfTime&quot;:1377323398298}}},{&quot;name&quot;:&quot;app-profile&quot;,&quot;addons&quot;:{&quot;fxdriver@googlecode.com&quot;:{&quot;descriptor&quot;:&quot;C:\\Users\\Sams\\AppData\\Local\\Temp\\anonymous320100936954956264webdriver-profile\\extensions\\fxdriver@googlecode.com&quot;,&quot;mtime&quot;:1444379347979,&quot;rdfTime&quot;:1444379347792}}}]
1444379383341	addons.xpi-utils	DEBUG	Opening XPI database C:\Users\Sams\AppData\Local\Temp\anonymous320100936954956264webdriver-profile\extensions.json
1444379383344	addons.xpi	DEBUG	New add-on fxdriver@googlecode.com installed in app-profile
*** Blocklist::_loadBlocklistFromFile: blocklist is disabled
1444379388031	addons.xpi-utils	DEBUG	Make addon app-profile:fxdriver@googlecode.com visible
1444379388036	DeferredSave.extensions.json	DEBUG	Save changes
1444379388038	DeferredSave.extensions.json	DEBUG	Save changes
1444379388039	addons.xpi	DEBUG	New add-on mozilla_cc@internetdownloadmanager.com installed in winreg-app-user
1444379388123	addons.xpi-utils	DEBUG	Make addon winreg-app-user:mozilla_cc@internetdownloadmanager.com visible
1444379388124	DeferredSave.extensions.json	DEBUG	Save changes
1444379388124	DeferredSave.extensions.json	DEBUG	Save changes
1444379388124	addons.xpi	DEBUG	New add-on {972ce4c6-7e08-4474-a285-3208198ce6fd} installed in app-global
1444379388156	addons.xpi-utils	DEBUG	Make addon app-global:{972ce4c6-7e08-4474-a285-3208198ce6fd} visible
1444379388157	DeferredSave.extensions.json	DEBUG	Save changes
1444379388157	DeferredSave.extensions.json	DEBUG	Save changes
1444379388202	addons.xpi	DEBUG	Updating database with changes to installed add-ons
1444379388202	addons.xpi-utils	DEBUG	Updating add-on states
1444379388203	addons.xpi-utils	DEBUG	Writing add-ons list

	at org.openqa.selenium.firefox.internal.NewProfileExtensionConnection.start(NewProfileExtensionConnection.java:122)
	at org.openqa.selenium.firefox.FirefoxDriver.startClient(FirefoxDriver.java:276)
	at org.openqa.selenium.remote.RemoteWebDriver.&lt;init&gt;(RemoteWebDriver.java:116)
	at org.openqa.selenium.firefox.FirefoxDriver.&lt;init&gt;(FirefoxDriver.java:221)
	at org.openqa.selenium.firefox.FirefoxDriver.&lt;init&gt;(FirefoxDriver.java:216)
	at org.openqa.selenium.firefox.FirefoxDriver.&lt;init&gt;(FirefoxDriver.java:212)
	at org.openqa.selenium.firefox.FirefoxDriver.&lt;init&gt;(FirefoxDriver.java:125)
	at org.seleniumworks.utilities.BaseController.openBrowser(BaseController.java:24)
	at sun.reflect.NativeMethodAccessorImpl.invoke0(Native Method)
	at sun.reflect.NativeMethodAccessorImpl.invoke(NativeMethodAccessorImpl.java:57)
	at sun.reflect.DelegatingMethodAccessorImpl.invoke(DelegatingMethodAccessorImpl.java:43)
	at java.lang.reflect.Method.invoke(Method.java:606)
	at org.testng.internal.MethodInvocationHelper.invokeMethod(MethodInvocationHelper.java:85)
	at org.testng.internal.Invoker.invokeConfigurationMethod(Invoker.java:510)
	at org.testng.internal.Invoker.invokeConfigurations(Invoker.java:211)
	at org.testng.internal.Invoker.invokeConfigurations(Invoker.java:138)
	at org.testng.TestRunner.beforeRun(TestRunner.java:647)
	at org.testng.TestRunner.run(TestRunner.java:615)
	at org.testng.SuiteRunner.runTest(SuiteRunner.java:357)
	at org.testng.SuiteRunner.access$000(SuiteRunner.java:39)
	at org.testng.SuiteRunner$SuiteWorker.run(SuiteRunner.java:391)
	at org.testng.internal.thread.ThreadUtil$2.call(ThreadUtil.java:64)
	at java.util.concurrent.FutureTask.run(FutureTask.java:262)
	at java.util.concurrent.ThreadPoolExecutor.runWorker(ThreadPoolExecutor.java:1145)
	at java.util.concurrent.ThreadPoolExecutor$Worker.run(ThreadPoolExecutor.java:615)
	at java.lang.Thread.run(Thread.java:744)
</system-err>
  </testcase>
  <testcase time="0" classname="demo.specs.Demo_test" name="Test01">
    <skipped/>
  </testcase>
  <testcase time="0.015" classname="demo.specs.Demo_test" name="stepUp">
    <skipped/>
  </testcase>
  <testcase time="0" classname="demo.specs.Demo_test" name="Test02">
    <skipped/>
  </testcase>
  <testcase time="0" classname="demo.specs.Demo_test" name="tearDown">
    <skipped/>
  </testcase>
</testsuite>